<?xml version="1.0" encoding="UTF-8"?>
<testsuite name="com.allstate.compozed.XPLinkedListTest" tests="1" skipped="0" failures="0" errors="0" timestamp="2016-05-19T10:36:58" hostname="compozed-ani-05" time="0.003">
  <properties/>
  <testcase name="newListIsEmpty" classname="com.allstate.compozed.XPLinkedListTest" time="0.003"/>
  <system-out><![CDATA[]]></system-out>
  <system-err><![CDATA[]]></system-err>
</testsuite>
